Start testing: Jan 08 14:47 EST
----------------------------------------------------------
1/3 Testing: test_planner_2d
1/3 Test: test_planner_2d
Command: "/home/bezzo/git/jps3d/build/test_planner_2d" "/home/bezzo/git/jps3d/data/corridor.yaml"
Directory: /home/bezzo/git/jps3d/build
"test_planner_2d" start time: Jan 08 14:47 EST
Output:
----------------------------------------------------------
start: 2.5  -2
goal:  35 2.5
origin:  0 -5
dim: 799 199
resolution: 0.05
JPS Planner takes: 3.000000 ms
JPS Path Distance: 35.109545
JPS Planner takes: 3.000000 ms
AStar Planner takes: 27.000000 ms
AStar Path Distance: 35.109545
<end of output>
Test time =   0.34 sec
----------------------------------------------------------
Test Passed.
"test_planner_2d" end time: Jan 08 14:47 EST
"test_planner_2d" time elapsed: 00:00:00
----------------------------------------------------------

2/3 Testing: test_planner_3d
2/3 Test: test_planner_3d
Command: "/home/bezzo/git/jps3d/build/test_planner_3d" "/home/bezzo/git/jps3d/data/simple3d.yaml"
Directory: /home/bezzo/git/jps3d/build
"test_planner_3d" start time: Jan 08 14:47 EST
Output:
----------------------------------------------------------
start: 0 0 0
goal: 4 4 4
origin: 0 0 0
dim: 5 5 5
resolution: 1
[1;36mJPS PLANNER VERBOSE ON
[0mStart: 0 0 0
Goal:  4 4 4
Epsilon:  1
[1;31mstart is outside!
[0mstartI: -1 -1 -1
Map origin: 0 0 0
Map dim: 5 5 5
JPS Planner takes: 0.000000 ms
JPS Path Distance: 0.000000
JPS Path: 
Start: 0 0 0
Goal:  4 4 4
Epsilon:  1
[1;31mstart is outside!
[0mstartI: -1 -1 -1
Map origin: 0 0 0
Map dim: 5 5 5
AStar Planner takes: 0.000000 ms
AStar Path Distance: 0.000000
AStar Path: 
<end of output>
Test time =   0.00 sec
----------------------------------------------------------
Test Passed.
"test_planner_3d" end time: Jan 08 14:47 EST
"test_planner_3d" time elapsed: 00:00:00
----------------------------------------------------------

3/3 Testing: test_distance_map_planner_2d
3/3 Test: test_distance_map_planner_2d
Command: "/home/bezzo/git/jps3d/build/test_distance_map_planner_2d" "/home/bezzo/git/jps3d/data/corridor.yaml"
Directory: /home/bezzo/git/jps3d/build
"test_distance_map_planner_2d" start time: Jan 08 14:47 EST
Output:
----------------------------------------------------------
start: 2.5  -2
goal:  35 2.5
origin:  0 -5
dim: 799 199
resolution: 0.05
JPS Planner takes: 3.000000 ms
JPS Path Distance: 35.109545
DMP Planner takes: 3.000000 ms
DMP Path Distance: 37.186501
<end of output>
Test time =   0.61 sec
----------------------------------------------------------
Test Passed.
"test_distance_map_planner_2d" end time: Jan 08 14:47 EST
"test_distance_map_planner_2d" time elapsed: 00:00:00
----------------------------------------------------------

End testing: Jan 08 14:47 EST
